{"name":"hexo","hostname":"yryangs-MacBook-Pro.local","pid":27538,"level":20,"msg":"Writing database to /Users/yryang/Desktop/gitcode/yangyueren.github.io/db.json","time":"2019-05-13T17:28:38.335Z","v":0}
{"name":"hexo","hostname":"yryangs-MacBook-Pro.local","pid":27538,"level":20,"msg":"Hexo version: \u001b[35m3.8.0\u001b[39m","time":"2019-05-13T17:28:38.346Z","v":0}
{"name":"hexo","hostname":"yryangs-MacBook-Pro.local","pid":27538,"level":20,"msg":"Working directory: \u001b[35m~/Desktop/gitcode/yangyueren.github.io/\u001b[39m","time":"2019-05-13T17:28:38.347Z","v":0}
{"name":"hexo","hostname":"yryangs-MacBook-Pro.local","pid":27538,"level":20,"msg":"Config loaded: \u001b[35m~/Desktop/gitcode/yangyueren.github.io/_config.yml\u001b[39m","time":"2019-05-13T17:28:38.397Z","v":0}
{"name":"hexo","hostname":"yryangs-MacBook-Pro.local","pid":27538,"level":20,"msg":"Plugin loaded: \u001b[35mhexo-generator-archive\u001b[39m","time":"2019-05-13T17:28:38.409Z","v":0}
{"name":"hexo","hostname":"yryangs-MacBook-Pro.local","pid":27538,"level":20,"msg":"Plugin loaded: \u001b[35mhexo-generator-category\u001b[39m","time":"2019-05-13T17:28:38.411Z","v":0}
{"name":"hexo","hostname":"yryangs-MacBook-Pro.local","pid":27538,"level":20,"msg":"Plugin loaded: \u001b[35mhexo-generator-tag\u001b[39m","time":"2019-05-13T17:28:38.412Z","v":0}
{"name":"hexo","hostname":"yryangs-MacBook-Pro.local","pid":27538,"level":20,"msg":"Plugin loaded: \u001b[35mhexo-renderer-ejs\u001b[39m","time":"2019-05-13T17:28:38.414Z","v":0}
{"name":"hexo","hostname":"yryangs-MacBook-Pro.local","pid":27538,"level":20,"msg":"Plugin loaded: \u001b[35mhexo-generator-index\u001b[39m","time":"2019-05-13T17:28:38.414Z","v":0}
{"name":"hexo","hostname":"yryangs-MacBook-Pro.local","pid":27538,"level":20,"msg":"Plugin loaded: \u001b[35mhexo-renderer-marked\u001b[39m","time":"2019-05-13T17:28:38.420Z","v":0}
{"name":"hexo","hostname":"yryangs-MacBook-Pro.local","pid":27538,"level":20,"msg":"Plugin loaded: \u001b[35mhexo-renderer-stylus\u001b[39m","time":"2019-05-13T17:28:38.421Z","v":0}
{"name":"hexo","hostname":"yryangs-MacBook-Pro.local","pid":27538,"level":20,"msg":"Plugin loaded: \u001b[35mhexo-server\u001b[39m","time":"2019-05-13T17:28:38.465Z","v":0}
{"name":"hexo","hostname":"yryangs-MacBook-Pro.local","pid":27538,"level":20,"msg":"Script loaded: \u001b[35mthemes/landscape/scripts/fancybox.js\u001b[39m","time":"2019-05-13T17:28:38.468Z","v":0}
{"name":"hexo","hostname":"yryangs-MacBook-Pro.local","pid":27538,"level":20,"msg":"Loading database.","time":"2019-05-13T17:28:38.471Z","v":0}
{"name":"hexo","hostname":"yryangs-MacBook-Pro.local","pid":27538,"level":30,"msg":"Start processing","time":"2019-05-13T17:28:38.488Z","v":0}
{"name":"hexo","hostname":"yryangs-MacBook-Pro.local","pid":27538,"level":20,"msg":"Processed: \u001b[35m_posts/hello-world.md\u001b[39m","time":"2019-05-13T17:28:38.517Z","v":0}
{"name":"hexo","hostname":"yryangs-MacBook-Pro.local","pid":27538,"level":20,"msg":"Theme config loaded.","time":"2019-05-13T17:28:38.534Z","v":0}
{"name":"hexo","hostname":"yryangs-MacBook-Pro.local","pid":27538,"level":20,"msg":"Processed: \u001b[35m_config.yml\u001b[39m","time":"2019-05-13T17:28:38.535Z","v":0}
{"name":"hexo","hostname":"yryangs-MacBook-Pro.local","pid":27538,"level":20,"msg":"Processed: \u001b[35msource/css/style.styl\u001b[39m","time":"2019-05-13T17:28:38.541Z","v":0}
{"name":"hexo","hostname":"yryangs-MacBook-Pro.local","pid":27538,"level":20,"msg":"Processed: \u001b[35msource/fancybox/blank.gif\u001b[39m","time":"2019-05-13T17:28:38.541Z","v":0}
{"name":"hexo","hostname":"yryangs-MacBook-Pro.local","pid":27538,"level":20,"msg":"Processed: \u001b[35msource/fancybox/fancybox_loading.gif\u001b[39m","time":"2019-05-13T17:28:38.542Z","v":0}
{"name":"hexo","hostname":"yryangs-MacBook-Pro.local","pid":27538,"level":20,"msg":"Processed: \u001b[35msource/fancybox/fancybox_loading@2x.gif\u001b[39m","time":"2019-05-13T17:28:38.542Z","v":0}
{"name":"hexo","hostname":"yryangs-MacBook-Pro.local","pid":27538,"level":20,"msg":"Processed: \u001b[35msource/fancybox/fancybox_overlay.png\u001b[39m","time":"2019-05-13T17:28:38.542Z","v":0}
{"name":"hexo","hostname":"yryangs-MacBook-Pro.local","pid":27538,"level":20,"msg":"Processed: \u001b[35msource/fancybox/fancybox_sprite.png\u001b[39m","time":"2019-05-13T17:28:38.542Z","v":0}
{"name":"hexo","hostname":"yryangs-MacBook-Pro.local","pid":27538,"level":20,"msg":"Processed: \u001b[35msource/fancybox/fancybox_sprite@2x.png\u001b[39m","time":"2019-05-13T17:28:38.542Z","v":0}
{"name":"hexo","hostname":"yryangs-MacBook-Pro.local","pid":27538,"level":20,"msg":"Processed: \u001b[35msource/fancybox/jquery.fancybox.css\u001b[39m","time":"2019-05-13T17:28:38.543Z","v":0}
{"name":"hexo","hostname":"yryangs-MacBook-Pro.local","pid":27538,"level":20,"msg":"Processed: \u001b[35msource/js/script.js\u001b[39m","time":"2019-05-13T17:28:38.543Z","v":0}
{"name":"hexo","hostname":"yryangs-MacBook-Pro.local","pid":27538,"level":20,"msg":"Processed: \u001b[35msource/fancybox/jquery.fancybox.pack.js\u001b[39m","time":"2019-05-13T17:28:38.543Z","v":0}
{"name":"hexo","hostname":"yryangs-MacBook-Pro.local","pid":27538,"level":20,"msg":"Processed: \u001b[35msource/fancybox/jquery.fancybox.js\u001b[39m","time":"2019-05-13T17:28:38.543Z","v":0}
{"name":"hexo","hostname":"yryangs-MacBook-Pro.local","pid":27538,"level":20,"msg":"Processed: \u001b[35mlayout/archive.ejs\u001b[39m","time":"2019-05-13T17:28:38.553Z","v":0}
{"name":"hexo","hostname":"yryangs-MacBook-Pro.local","pid":27538,"level":20,"msg":"Processed: \u001b[35mlayout/category.ejs\u001b[39m","time":"2019-05-13T17:28:38.554Z","v":0}
{"name":"hexo","hostname":"yryangs-MacBook-Pro.local","pid":27538,"level":20,"msg":"Processed: \u001b[35mlayout/index.ejs\u001b[39m","time":"2019-05-13T17:28:38.554Z","v":0}
{"name":"hexo","hostname":"yryangs-MacBook-Pro.local","pid":27538,"level":20,"msg":"Processed: \u001b[35mlayout/layout.ejs\u001b[39m","time":"2019-05-13T17:28:38.554Z","v":0}
{"name":"hexo","hostname":"yryangs-MacBook-Pro.local","pid":27538,"level":20,"msg":"Processed: \u001b[35mlayout/page.ejs\u001b[39m","time":"2019-05-13T17:28:38.554Z","v":0}
{"name":"hexo","hostname":"yryangs-MacBook-Pro.local","pid":27538,"level":20,"msg":"Processed: \u001b[35mlayout/post.ejs\u001b[39m","time":"2019-05-13T17:28:38.554Z","v":0}
{"name":"hexo","hostname":"yryangs-MacBook-Pro.local","pid":27538,"level":20,"msg":"Processed: \u001b[35mlayout/tag.ejs\u001b[39m","time":"2019-05-13T17:28:38.554Z","v":0}
{"name":"hexo","hostname":"yryangs-MacBook-Pro.local","pid":27538,"level":20,"msg":"Processed: \u001b[35mlanguages/de.yml\u001b[39m","time":"2019-05-13T17:28:38.555Z","v":0}
{"name":"hexo","hostname":"yryangs-MacBook-Pro.local","pid":27538,"level":20,"msg":"Processed: \u001b[35mlanguages/default.yml\u001b[39m","time":"2019-05-13T17:28:38.556Z","v":0}
{"name":"hexo","hostname":"yryangs-MacBook-Pro.local","pid":27538,"level":20,"msg":"Processed: \u001b[35mlanguages/es.yml\u001b[39m","time":"2019-05-13T17:28:38.556Z","v":0}
{"name":"hexo","hostname":"yryangs-MacBook-Pro.local","pid":27538,"level":20,"msg":"Processed: \u001b[35mlanguages/fr.yml\u001b[39m","time":"2019-05-13T17:28:38.556Z","v":0}
{"name":"hexo","hostname":"yryangs-MacBook-Pro.local","pid":27538,"level":20,"msg":"Processed: \u001b[35mlanguages/ja.yml\u001b[39m","time":"2019-05-13T17:28:38.556Z","v":0}
{"name":"hexo","hostname":"yryangs-MacBook-Pro.local","pid":27538,"level":20,"msg":"Processed: \u001b[35mlanguages/ko.yml\u001b[39m","time":"2019-05-13T17:28:38.556Z","v":0}
{"name":"hexo","hostname":"yryangs-MacBook-Pro.local","pid":27538,"level":20,"msg":"Processed: \u001b[35mlanguages/nl.yml\u001b[39m","time":"2019-05-13T17:28:38.556Z","v":0}
{"name":"hexo","hostname":"yryangs-MacBook-Pro.local","pid":27538,"level":20,"msg":"Processed: \u001b[35mlanguages/no.yml\u001b[39m","time":"2019-05-13T17:28:38.556Z","v":0}
{"name":"hexo","hostname":"yryangs-MacBook-Pro.local","pid":27538,"level":20,"msg":"Processed: \u001b[35mlanguages/pt.yml\u001b[39m","time":"2019-05-13T17:28:38.556Z","v":0}
{"name":"hexo","hostname":"yryangs-MacBook-Pro.local","pid":27538,"level":20,"msg":"Processed: \u001b[35mlanguages/ru.yml\u001b[39m","time":"2019-05-13T17:28:38.556Z","v":0}
{"name":"hexo","hostname":"yryangs-MacBook-Pro.local","pid":27538,"level":20,"msg":"Processed: \u001b[35mlanguages/zh-CN.yml\u001b[39m","time":"2019-05-13T17:28:38.557Z","v":0}
{"name":"hexo","hostname":"yryangs-MacBook-Pro.local","pid":27538,"level":20,"msg":"Processed: \u001b[35mlanguages/zh-TW.yml\u001b[39m","time":"2019-05-13T17:28:38.557Z","v":0}
{"name":"hexo","hostname":"yryangs-MacBook-Pro.local","pid":27538,"level":20,"msg":"Processed: \u001b[35msource/css/fonts/fontawesome-webfont.eot\u001b[39m","time":"2019-05-13T17:28:38.561Z","v":0}
{"name":"hexo","hostname":"yryangs-MacBook-Pro.local","pid":27538,"level":20,"msg":"Processed: \u001b[35msource/css/fonts/FontAwesome.otf\u001b[39m","time":"2019-05-13T17:28:38.561Z","v":0}
{"name":"hexo","hostname":"yryangs-MacBook-Pro.local","pid":27538,"level":20,"msg":"Processed: \u001b[35msource/css/fonts/fontawesome-webfont.woff\u001b[39m","time":"2019-05-13T17:28:38.562Z","v":0}
{"name":"hexo","hostname":"yryangs-MacBook-Pro.local","pid":27538,"level":20,"msg":"Processed: \u001b[35msource/fancybox/helpers/fancybox_buttons.png\u001b[39m","time":"2019-05-13T17:28:38.562Z","v":0}
{"name":"hexo","hostname":"yryangs-MacBook-Pro.local","pid":27538,"level":20,"msg":"Processed: \u001b[35msource/fancybox/helpers/jquery.fancybox-buttons.css\u001b[39m","time":"2019-05-13T17:28:38.562Z","v":0}
{"name":"hexo","hostname":"yryangs-MacBook-Pro.local","pid":27538,"level":20,"msg":"Processed: \u001b[35msource/fancybox/helpers/jquery.fancybox-buttons.js\u001b[39m","time":"2019-05-13T17:28:38.562Z","v":0}
{"name":"hexo","hostname":"yryangs-MacBook-Pro.local","pid":27538,"level":20,"msg":"Processed: \u001b[35msource/fancybox/helpers/jquery.fancybox-media.js\u001b[39m","time":"2019-05-13T17:28:38.562Z","v":0}
{"name":"hexo","hostname":"yryangs-MacBook-Pro.local","pid":27538,"level":20,"msg":"Processed: \u001b[35msource/fancybox/helpers/jquery.fancybox-thumbs.css\u001b[39m","time":"2019-05-13T17:28:38.563Z","v":0}
{"name":"hexo","hostname":"yryangs-MacBook-Pro.local","pid":27538,"level":20,"msg":"Processed: \u001b[35msource/fancybox/helpers/jquery.fancybox-thumbs.js\u001b[39m","time":"2019-05-13T17:28:38.563Z","v":0}
{"name":"hexo","hostname":"yryangs-MacBook-Pro.local","pid":27538,"level":20,"msg":"Processed: \u001b[35mlayout/_partial/after-footer.ejs\u001b[39m","time":"2019-05-13T17:28:38.569Z","v":0}
{"name":"hexo","hostname":"yryangs-MacBook-Pro.local","pid":27538,"level":20,"msg":"Processed: \u001b[35mlayout/_partial/archive-post.ejs\u001b[39m","time":"2019-05-13T17:28:38.569Z","v":0}
{"name":"hexo","hostname":"yryangs-MacBook-Pro.local","pid":27538,"level":20,"msg":"Processed: \u001b[35mlayout/_partial/archive.ejs\u001b[39m","time":"2019-05-13T17:28:38.569Z","v":0}
{"name":"hexo","hostname":"yryangs-MacBook-Pro.local","pid":27538,"level":20,"msg":"Processed: \u001b[35mlayout/_partial/article.ejs\u001b[39m","time":"2019-05-13T17:28:38.569Z","v":0}
{"name":"hexo","hostname":"yryangs-MacBook-Pro.local","pid":27538,"level":20,"msg":"Processed: \u001b[35mlayout/_partial/footer.ejs\u001b[39m","time":"2019-05-13T17:28:38.569Z","v":0}
{"name":"hexo","hostname":"yryangs-MacBook-Pro.local","pid":27538,"level":20,"msg":"Processed: \u001b[35mlayout/_partial/google-analytics.ejs\u001b[39m","time":"2019-05-13T17:28:38.569Z","v":0}
{"name":"hexo","hostname":"yryangs-MacBook-Pro.local","pid":27538,"level":20,"msg":"Processed: \u001b[35mlayout/_partial/gauges-analytics.ejs\u001b[39m","time":"2019-05-13T17:28:38.569Z","v":0}
{"name":"hexo","hostname":"yryangs-MacBook-Pro.local","pid":27538,"level":20,"msg":"Processed: \u001b[35mlayout/_partial/head.ejs\u001b[39m","time":"2019-05-13T17:28:38.569Z","v":0}
{"name":"hexo","hostname":"yryangs-MacBook-Pro.local","pid":27538,"level":20,"msg":"Processed: \u001b[35mlayout/_partial/header.ejs\u001b[39m","time":"2019-05-13T17:28:38.569Z","v":0}
{"name":"hexo","hostname":"yryangs-MacBook-Pro.local","pid":27538,"level":20,"msg":"Processed: \u001b[35mlayout/_partial/mobile-nav.ejs\u001b[39m","time":"2019-05-13T17:28:38.569Z","v":0}
{"name":"hexo","hostname":"yryangs-MacBook-Pro.local","pid":27538,"level":20,"msg":"Processed: \u001b[35mlayout/_partial/sidebar.ejs\u001b[39m","time":"2019-05-13T17:28:38.569Z","v":0}
{"name":"hexo","hostname":"yryangs-MacBook-Pro.local","pid":27538,"level":20,"msg":"Processed: \u001b[35mlayout/_widget/archive.ejs\u001b[39m","time":"2019-05-13T17:28:38.569Z","v":0}
{"name":"hexo","hostname":"yryangs-MacBook-Pro.local","pid":27538,"level":20,"msg":"Processed: \u001b[35mlayout/_widget/category.ejs\u001b[39m","time":"2019-05-13T17:28:38.570Z","v":0}
{"name":"hexo","hostname":"yryangs-MacBook-Pro.local","pid":27538,"level":20,"msg":"Processed: \u001b[35mlayout/_widget/recent_posts.ejs\u001b[39m","time":"2019-05-13T17:28:38.570Z","v":0}
{"name":"hexo","hostname":"yryangs-MacBook-Pro.local","pid":27538,"level":20,"msg":"Processed: \u001b[35mlayout/_widget/tag.ejs\u001b[39m","time":"2019-05-13T17:28:38.570Z","v":0}
{"name":"hexo","hostname":"yryangs-MacBook-Pro.local","pid":27538,"level":20,"msg":"Processed: \u001b[35mlayout/_widget/tagcloud.ejs\u001b[39m","time":"2019-05-13T17:28:38.570Z","v":0}
{"name":"hexo","hostname":"yryangs-MacBook-Pro.local","pid":27538,"level":20,"msg":"Processed: \u001b[35msource/css/fonts/fontawesome-webfont.ttf\u001b[39m","time":"2019-05-13T17:28:38.570Z","v":0}
{"name":"hexo","hostname":"yryangs-MacBook-Pro.local","pid":27538,"level":20,"msg":"Processed: \u001b[35mlayout/_partial/post/category.ejs\u001b[39m","time":"2019-05-13T17:28:38.573Z","v":0}
{"name":"hexo","hostname":"yryangs-MacBook-Pro.local","pid":27538,"level":20,"msg":"Processed: \u001b[35mlayout/_partial/post/date.ejs\u001b[39m","time":"2019-05-13T17:28:38.573Z","v":0}
{"name":"hexo","hostname":"yryangs-MacBook-Pro.local","pid":27538,"level":20,"msg":"Processed: \u001b[35mlayout/_partial/post/gallery.ejs\u001b[39m","time":"2019-05-13T17:28:38.573Z","v":0}
{"name":"hexo","hostname":"yryangs-MacBook-Pro.local","pid":27538,"level":20,"msg":"Processed: \u001b[35mlayout/_partial/post/nav.ejs\u001b[39m","time":"2019-05-13T17:28:38.573Z","v":0}
{"name":"hexo","hostname":"yryangs-MacBook-Pro.local","pid":27538,"level":20,"msg":"Processed: \u001b[35mlayout/_partial/post/tag.ejs\u001b[39m","time":"2019-05-13T17:28:38.573Z","v":0}
{"name":"hexo","hostname":"yryangs-MacBook-Pro.local","pid":27538,"level":20,"msg":"Processed: \u001b[35mlayout/_partial/post/title.ejs\u001b[39m","time":"2019-05-13T17:28:38.574Z","v":0}
{"name":"hexo","hostname":"yryangs-MacBook-Pro.local","pid":27538,"level":20,"msg":"Processed: \u001b[35msource/css/fonts/fontawesome-webfont.svg\u001b[39m","time":"2019-05-13T17:28:38.575Z","v":0}
{"name":"hexo","hostname":"yryangs-MacBook-Pro.local","pid":27538,"level":20,"msg":"Processed: \u001b[35msource/css/images/banner.jpg\u001b[39m","time":"2019-05-13T17:28:38.575Z","v":0}
{"name":"hexo","hostname":"yryangs-MacBook-Pro.local","pid":27538,"level":20,"msg":"Generator: \u001b[35mpage\u001b[39m","time":"2019-05-13T17:28:38.599Z","v":0}
{"name":"hexo","hostname":"yryangs-MacBook-Pro.local","pid":27538,"level":20,"msg":"Generator: \u001b[35mpost\u001b[39m","time":"2019-05-13T17:28:38.599Z","v":0}
{"name":"hexo","hostname":"yryangs-MacBook-Pro.local","pid":27538,"level":20,"msg":"Generator: \u001b[35marchive\u001b[39m","time":"2019-05-13T17:28:38.599Z","v":0}
{"name":"hexo","hostname":"yryangs-MacBook-Pro.local","pid":27538,"level":20,"msg":"Generator: \u001b[35mcategory\u001b[39m","time":"2019-05-13T17:28:38.599Z","v":0}
{"name":"hexo","hostname":"yryangs-MacBook-Pro.local","pid":27538,"level":20,"msg":"Generator: \u001b[35mtag\u001b[39m","time":"2019-05-13T17:28:38.599Z","v":0}
{"name":"hexo","hostname":"yryangs-MacBook-Pro.local","pid":27538,"level":20,"msg":"Generator: \u001b[35mindex\u001b[39m","time":"2019-05-13T17:28:38.599Z","v":0}
{"name":"hexo","hostname":"yryangs-MacBook-Pro.local","pid":27538,"level":20,"msg":"Generator: \u001b[35masset\u001b[39m","time":"2019-05-13T17:28:38.600Z","v":0}
{"name":"hexo","hostname":"yryangs-MacBook-Pro.local","pid":27538,"level":30,"msg":"Hexo is running at \u001b[4mhttp://localhost:4000\u001b[24m . Press Ctrl+C to stop.","time":"2019-05-13T17:28:38.603Z","v":0}
{"name":"hexo","hostname":"yryangs-MacBook-Pro.local","pid":27538,"level":20,"msg":"Database saved","time":"2019-05-13T17:28:38.607Z","v":0}
{"name":"hexo","hostname":"yryangs-MacBook-Pro.local","pid":27538,"level":20,"msg":"Rendering index: \u001b[35mindex.html\u001b[39m","time":"2019-05-13T17:28:49.014Z","v":0}
{"name":"hexo","hostname":"yryangs-MacBook-Pro.local","pid":27538,"level":20,"msg":"Rendering index: \u001b[35mindex.html\u001b[39m","time":"2019-05-13T17:29:07.650Z","v":0}
{"name":"hexo","hostname":"yryangs-MacBook-Pro.local","pid":27538,"level":20,"msg":"Rendering index: \u001b[35mindex.html\u001b[39m","time":"2019-05-13T17:29:08.111Z","v":0}
{"name":"hexo","hostname":"yryangs-MacBook-Pro.local","pid":27538,"level":20,"msg":"Rendering index: \u001b[35mindex.html\u001b[39m","time":"2019-05-13T17:29:08.740Z","v":0}
{"name":"hexo","hostname":"yryangs-MacBook-Pro.local","pid":27538,"level":20,"msg":"Rendering index: \u001b[35mindex.html\u001b[39m","time":"2019-05-13T17:30:22.312Z","v":0}
{"name":"hexo","hostname":"yryangs-MacBook-Pro.local","pid":27538,"level":20,"msg":"Rendering index: \u001b[35mindex.html\u001b[39m","time":"2019-05-13T17:30:22.748Z","v":0}
{"name":"hexo","hostname":"yryangs-MacBook-Pro.local","pid":27538,"level":20,"msg":"Rendering archive: \u001b[35marchives/2019/05/index.html\u001b[39m","time":"2019-05-13T17:30:46.786Z","v":0}
{"name":"hexo","hostname":"yryangs-MacBook-Pro.local","pid":27538,"level":20,"msg":"Rendering post: \u001b[35m2019/05/13/hello-world/index.html\u001b[39m","time":"2019-05-13T17:30:48.359Z","v":0}
{"name":"hexo","hostname":"yryangs-MacBook-Pro.local","pid":27538,"level":30,"msg":"See you again","time":"2019-05-13T17:31:33.891Z","v":0}
{"name":"hexo","hostname":"yryangs-MacBook-Pro.local","pid":27538,"level":20,"msg":"Database saved","time":"2019-05-13T17:31:33.900Z","v":0}
